C:\USERS\USER\DOCUMENTS\VISUAL STUDIO 2012\PROJECTS\FUNNYMAPLE\FUNNYMAPLEMANAGER\RELEASE\MAIN.OBJ
C:\USERS\USER\DOCUMENTS\VISUAL STUDIO 2012\PROJECTS\FUNNYMAPLE\FUNNYMAPLEMANAGER\RELEASE\MOC_MAINFORM.OBJ
C:\USERS\USER\DOCUMENTS\VISUAL STUDIO 2012\PROJECTS\FUNNYMAPLE\FUNNYMAPLEMANAGER\RELEASE\MOC_ACCOUNTADDITIONFORM.OBJ
C:\USERS\USER\DOCUMENTS\VISUAL STUDIO 2012\PROJECTS\FUNNYMAPLE\FUNNYMAPLEMANAGER\RELEASE\FUNCTOR.OBJ
C:\USERS\USER\DOCUMENTS\VISUAL STUDIO 2012\PROJECTS\FUNNYMAPLE\FUNNYMAPLEMANAGER\RELEASE\ACCOUNTADDITIONFORM.OBJ
C:\USERS\USER\DOCUMENTS\VISUAL STUDIO 2012\PROJECTS\FUNNYMAPLE\FUNNYMAPLEMANAGER\RELEASE\QRC_FUNNYMAPLEMANAGER.OBJ
C:\USERS\USER\DOCUMENTS\VISUAL STUDIO 2012\PROJECTS\FUNNYMAPLE\FUNNYMAPLEMANAGER\RELEASE\MAINFORM.OBJ
C:\USERS\USER\DOCUMENTS\VISUAL STUDIO 2012\PROJECTS\FUNNYMAPLE\FUNNYMAPLEMANAGER\GENERATEDFILES\QRC_FUNNYMAPLEMANAGER.CPP
C:\USERS\USER\DOCUMENTS\VISUAL STUDIO 2012\PROJECTS\FUNNYMAPLE\FUNNYMAPLEMANAGER\GENERATEDFILES\RELEASE\MOC_ACCOUNTADDITIONFORM.CPP
C:\USERS\USER\DOCUMENTS\VISUAL STUDIO 2012\PROJECTS\FUNNYMAPLE\FUNNYMAPLEMANAGER\GENERATEDFILES\UI_ACCOUNTADDITIONFORM.H
C:\USERS\USER\DOCUMENTS\VISUAL STUDIO 2012\PROJECTS\FUNNYMAPLE\FUNNYMAPLEMANAGER\GENERATEDFILES\UI_MAINFORM.H
C:\USERS\USER\DOCUMENTS\VISUAL STUDIO 2012\PROJECTS\FUNNYMAPLE\FUNNYMAPLEMANAGER\GENERATEDFILES\RELEASE\MOC_MAINFORM.CPP
C:\USERS\USER\DOCUMENTS\VISUAL STUDIO 2012\PROJECTS\FUNNYMAPLE\WIN32\RELEASE\FUNNYMAPLEMANAGER.EXE
C:\USERS\USER\DOCUMENTS\VISUAL STUDIO 2012\PROJECTS\FUNNYMAPLE\FUNNYMAPLEMANAGER\RELEASE\FUNNYMAPLEMANAGER.EXE.INTERMEDIATE.MANIFEST
C:\USERS\USER\DOCUMENTS\VISUAL STUDIO 2012\PROJECTS\FUNNYMAPLE\FUNNYMAPLEMANAGER\RELEASE\FUNNYMAPLEMANAGER.RES
C:\Users\User\Documents\Visual Studio 2012\Projects\FunnyMaple\FunnyMapleManager\Release\AccountAdditionForm.obj
C:\Users\User\Documents\Visual Studio 2012\Projects\FunnyMaple\FunnyMapleManager\Release\Functor.obj
C:\Users\User\Documents\Visual Studio 2012\Projects\FunnyMaple\FunnyMapleManager\Release\main.obj
C:\Users\User\Documents\Visual Studio 2012\Projects\FunnyMaple\FunnyMapleManager\Release\MainForm.obj
C:\Users\User\Documents\Visual Studio 2012\Projects\FunnyMaple\FunnyMapleManager\Release\moc_AccountAdditionForm.obj
C:\Users\User\Documents\Visual Studio 2012\Projects\FunnyMaple\FunnyMapleManager\Release\moc_MainForm.obj
C:\Users\User\Documents\Visual Studio 2012\Projects\FunnyMaple\FunnyMapleManager\Release\qrc_FunnyMapleManager.obj
C:\Users\User\Documents\Visual Studio 2012\Projects\FunnyMaple\FunnyMapleManager\Release\cl.command.1.tlog
C:\Users\User\Documents\Visual Studio 2012\Projects\FunnyMaple\FunnyMapleManager\Release\CL.read.1.tlog
C:\Users\User\Documents\Visual Studio 2012\Projects\FunnyMaple\FunnyMapleManager\Release\CL.write.1.tlog
C:\Users\User\Documents\Visual Studio 2012\Projects\FunnyMaple\FunnyMapleManager\Release\custombuild.command.1.tlog
C:\Users\User\Documents\Visual Studio 2012\Projects\FunnyMaple\FunnyMapleManager\Release\custombuild.read.1.tlog
C:\Users\User\Documents\Visual Studio 2012\Projects\FunnyMaple\FunnyMapleManager\Release\custombuild.write.1.tlog
C:\Users\User\Documents\Visual Studio 2012\Projects\FunnyMaple\FunnyMapleManager\Release\link-cvtres.read.1.tlog
C:\Users\User\Documents\Visual Studio 2012\Projects\FunnyMaple\FunnyMapleManager\Release\link-cvtres.write.1.tlog
C:\Users\User\Documents\Visual Studio 2012\Projects\FunnyMaple\FunnyMapleManager\Release\link.command.1.tlog
C:\Users\User\Documents\Visual Studio 2012\Projects\FunnyMaple\FunnyMapleManager\Release\link.read.1.tlog
C:\Users\User\Documents\Visual Studio 2012\Projects\FunnyMaple\FunnyMapleManager\Release\link.write.1.tlog
C:\Users\User\Documents\Visual Studio 2012\Projects\FunnyMaple\FunnyMapleManager\Release\mt.command.1.tlog
C:\Users\User\Documents\Visual Studio 2012\Projects\FunnyMaple\FunnyMapleManager\Release\mt.read.1.tlog
C:\Users\User\Documents\Visual Studio 2012\Projects\FunnyMaple\FunnyMapleManager\Release\mt.write.1.tlog
C:\Users\User\Documents\Visual Studio 2012\Projects\FunnyMaple\FunnyMapleManager\Release\rc.command.1.tlog
C:\Users\User\Documents\Visual Studio 2012\Projects\FunnyMaple\FunnyMapleManager\Release\rc.read.1.tlog
C:\Users\User\Documents\Visual Studio 2012\Projects\FunnyMaple\FunnyMapleManager\Release\rc.write.1.tlog
C:\Users\User\Documents\Visual Studio 2012\Projects\FunnyMaple\FunnyMapleManager\Release\FunnyMapleManager.exe.intermediate.manifest
C:\Users\User\Documents\Visual Studio 2012\Projects\FunnyMaple\FunnyMapleManager\Release\FunnyMapleManager.res
C:\Users\User\Documents\Visual Studio 2012\Projects\FunnyMaple\Win32\Release\FunnyMapleManager.exe
