C:\USERS\USER\DOCUMENTS\VISUAL STUDIO 2012\PROJECTS\FUNNYMAPLE\FUNNYMAPLE\RELEASE\QRC_FUNNYMAPLE.OBJ
C:\USERS\USER\DOCUMENTS\VISUAL STUDIO 2012\PROJECTS\FUNNYMAPLE\FUNNYMAPLE\RELEASE\MAIN.OBJ
C:\USERS\USER\DOCUMENTS\VISUAL STUDIO 2012\PROJECTS\FUNNYMAPLE\FUNNYMAPLE\RELEASE\WIN32API.OBJ
C:\USERS\USER\DOCUMENTS\VISUAL STUDIO 2012\PROJECTS\FUNNYMAPLE\FUNNYMAPLE\RELEASE\PACKET.OBJ
C:\USERS\USER\DOCUMENTS\VISUAL STUDIO 2012\PROJECTS\FUNNYMAPLE\FUNNYMAPLE\RELEASE\MAPLESTORY.OBJ
C:\USERS\USER\DOCUMENTS\VISUAL STUDIO 2012\PROJECTS\FUNNYMAPLE\FUNNYMAPLE\RELEASE\LOGIN.OBJ
C:\USERS\USER\DOCUMENTS\VISUAL STUDIO 2012\PROJECTS\FUNNYMAPLE\FUNNYMAPLE\RELEASE\ITEM.OBJ
C:\USERS\USER\DOCUMENTS\VISUAL STUDIO 2012\PROJECTS\FUNNYMAPLE\FUNNYMAPLE\RELEASE\HACK.OBJ
C:\USERS\USER\DOCUMENTS\VISUAL STUDIO 2012\PROJECTS\FUNNYMAPLE\FUNNYMAPLE\RELEASE\DATA.OBJ
C:\USERS\USER\DOCUMENTS\VISUAL STUDIO 2012\PROJECTS\FUNNYMAPLE\FUNNYMAPLE\RELEASE\BYPASS.OBJ
C:\USERS\USER\DOCUMENTS\VISUAL STUDIO 2012\PROJECTS\FUNNYMAPLE\FUNNYMAPLE\RELEASE\BOT.OBJ
C:\USERS\USER\DOCUMENTS\VISUAL STUDIO 2012\PROJECTS\FUNNYMAPLE\FUNNYMAPLE\RELEASE\MAINFORM.OBJ
C:\USERS\USER\DOCUMENTS\VISUAL STUDIO 2012\PROJECTS\FUNNYMAPLE\FUNNYMAPLE\RELEASE\MOC_MAINFORM.OBJ
C:\USERS\USER\DOCUMENTS\VISUAL STUDIO 2012\PROJECTS\FUNNYMAPLE\FUNNYMAPLE\RELEASE\FUNCTOR.OBJ
C:\USERS\USER\DOCUMENTS\VISUAL STUDIO 2012\PROJECTS\FUNNYMAPLE\FUNNYMAPLE\GENERATEDFILES\QRC_FUNNYMAPLE.CPP
C:\USERS\USER\DOCUMENTS\VISUAL STUDIO 2012\PROJECTS\FUNNYMAPLE\FUNNYMAPLE\GENERATEDFILES\RELEASE\MOC_MAINFORM.CPP
C:\USERS\USER\DOCUMENTS\VISUAL STUDIO 2012\PROJECTS\FUNNYMAPLE\FUNNYMAPLE\GENERATEDFILES\UI_MAINFORM.H
C:\USERS\USER\DOCUMENTS\VISUAL STUDIO 2012\PROJECTS\FUNNYMAPLE\WIN32\RELEASE\FUNNYMAPLE.DLL
C:\USERS\USER\DOCUMENTS\VISUAL STUDIO 2012\PROJECTS\FUNNYMAPLE\FUNNYMAPLE\RELEASE\FUNNYMAPLE.DLL.INTERMEDIATE.MANIFEST
C:\Users\User\Documents\Visual Studio 2012\Projects\FunnyMaple\FunnyMaple\Release\Bot.obj
C:\Users\User\Documents\Visual Studio 2012\Projects\FunnyMaple\FunnyMaple\Release\Bypass.obj
C:\Users\User\Documents\Visual Studio 2012\Projects\FunnyMaple\FunnyMaple\Release\Data.obj
C:\Users\User\Documents\Visual Studio 2012\Projects\FunnyMaple\FunnyMaple\Release\Functor.obj
C:\Users\User\Documents\Visual Studio 2012\Projects\FunnyMaple\FunnyMaple\Release\Hack.obj
C:\Users\User\Documents\Visual Studio 2012\Projects\FunnyMaple\FunnyMaple\Release\Item.obj
C:\Users\User\Documents\Visual Studio 2012\Projects\FunnyMaple\FunnyMaple\Release\Login.obj
C:\Users\User\Documents\Visual Studio 2012\Projects\FunnyMaple\FunnyMaple\Release\main.obj
C:\Users\User\Documents\Visual Studio 2012\Projects\FunnyMaple\FunnyMaple\Release\MainForm.obj
C:\Users\User\Documents\Visual Studio 2012\Projects\FunnyMaple\FunnyMaple\Release\MapleStory.obj
C:\Users\User\Documents\Visual Studio 2012\Projects\FunnyMaple\FunnyMaple\Release\moc_MainForm.obj
C:\Users\User\Documents\Visual Studio 2012\Projects\FunnyMaple\FunnyMaple\Release\Packet.obj
C:\Users\User\Documents\Visual Studio 2012\Projects\FunnyMaple\FunnyMaple\Release\qrc_FunnyMaple.obj
C:\Users\User\Documents\Visual Studio 2012\Projects\FunnyMaple\FunnyMaple\Release\Win32Api.obj
C:\Users\User\Documents\Visual Studio 2012\Projects\FunnyMaple\FunnyMaple\Release\cl.command.1.tlog
C:\Users\User\Documents\Visual Studio 2012\Projects\FunnyMaple\FunnyMaple\Release\CL.read.1.tlog
C:\Users\User\Documents\Visual Studio 2012\Projects\FunnyMaple\FunnyMaple\Release\CL.write.1.tlog
C:\Users\User\Documents\Visual Studio 2012\Projects\FunnyMaple\FunnyMaple\Release\custombuild.command.1.tlog
C:\Users\User\Documents\Visual Studio 2012\Projects\FunnyMaple\FunnyMaple\Release\custombuild.read.1.tlog
C:\Users\User\Documents\Visual Studio 2012\Projects\FunnyMaple\FunnyMaple\Release\custombuild.write.1.tlog
C:\Users\User\Documents\Visual Studio 2012\Projects\FunnyMaple\FunnyMaple\Release\link.command.1.tlog
C:\Users\User\Documents\Visual Studio 2012\Projects\FunnyMaple\FunnyMaple\Release\link.read.1.tlog
C:\Users\User\Documents\Visual Studio 2012\Projects\FunnyMaple\FunnyMaple\Release\link.write.1.tlog
C:\Users\User\Documents\Visual Studio 2012\Projects\FunnyMaple\FunnyMaple\Release\mt.command.1.tlog
C:\Users\User\Documents\Visual Studio 2012\Projects\FunnyMaple\FunnyMaple\Release\mt.read.1.tlog
C:\Users\User\Documents\Visual Studio 2012\Projects\FunnyMaple\FunnyMaple\Release\mt.write.1.tlog
C:\Users\User\Documents\Visual Studio 2012\Projects\FunnyMaple\FunnyMaple\Release\FunnyMaple.dll.intermediate.manifest
C:\Users\User\Documents\Visual Studio 2012\Projects\FunnyMaple\Win32\Release\FunnyMaple.dll
