C:\USERS\USER\DOCUMENTS\VISUAL STUDIO 2012\PROJECTS\FUNNYMAPLE\FUNNYMAPLEBYPASSLESS\RELEASE\QRC_FUNNYMAPLEBYPASSLESS.OBJ
C:\USERS\USER\DOCUMENTS\VISUAL STUDIO 2012\PROJECTS\FUNNYMAPLE\FUNNYMAPLEBYPASSLESS\RELEASE\WIN32API.OBJ
C:\USERS\USER\DOCUMENTS\VISUAL STUDIO 2012\PROJECTS\FUNNYMAPLE\FUNNYMAPLEBYPASSLESS\RELEASE\HACK.OBJ
C:\USERS\USER\DOCUMENTS\VISUAL STUDIO 2012\PROJECTS\FUNNYMAPLE\FUNNYMAPLEBYPASSLESS\RELEASE\MAIN.OBJ
C:\USERS\USER\DOCUMENTS\VISUAL STUDIO 2012\PROJECTS\FUNNYMAPLE\FUNNYMAPLEBYPASSLESS\RELEASE\MAINFORM.OBJ
C:\USERS\USER\DOCUMENTS\VISUAL STUDIO 2012\PROJECTS\FUNNYMAPLE\FUNNYMAPLEBYPASSLESS\RELEASE\MOC_MAINFORM.OBJ
C:\USERS\USER\DOCUMENTS\VISUAL STUDIO 2012\PROJECTS\FUNNYMAPLE\FUNNYMAPLEBYPASSLESS\RELEASE\PACKET.OBJ
C:\USERS\USER\DOCUMENTS\VISUAL STUDIO 2012\PROJECTS\FUNNYMAPLE\FUNNYMAPLEBYPASSLESS\RELEASE\MAPLESTORY.OBJ
C:\USERS\USER\DOCUMENTS\VISUAL STUDIO 2012\PROJECTS\FUNNYMAPLE\FUNNYMAPLEBYPASSLESS\RELEASE\DATA.OBJ
C:\USERS\USER\DOCUMENTS\VISUAL STUDIO 2012\PROJECTS\FUNNYMAPLE\FUNNYMAPLEBYPASSLESS\RELEASE\BOT.OBJ
C:\USERS\USER\DOCUMENTS\VISUAL STUDIO 2012\PROJECTS\FUNNYMAPLE\FUNNYMAPLEBYPASSLESS\RELEASE\FUNCTOR.OBJ
C:\USERS\USER\DOCUMENTS\VISUAL STUDIO 2012\PROJECTS\FUNNYMAPLE\FUNNYMAPLEBYPASSLESS\RELEASE\ITEM.OBJ
C:\USERS\USER\DOCUMENTS\VISUAL STUDIO 2012\PROJECTS\FUNNYMAPLE\FUNNYMAPLEBYPASSLESS\GENERATEDFILES\QRC_FUNNYMAPLEBYPASSLESS.CPP
C:\USERS\USER\DOCUMENTS\VISUAL STUDIO 2012\PROJECTS\FUNNYMAPLE\FUNNYMAPLEBYPASSLESS\GENERATEDFILES\RELEASE\MOC_MAINFORM.CPP
C:\USERS\USER\DOCUMENTS\VISUAL STUDIO 2012\PROJECTS\FUNNYMAPLE\FUNNYMAPLEBYPASSLESS\GENERATEDFILES\UI_MAINFORM.H
C:\USERS\USER\DOCUMENTS\VISUAL STUDIO 2012\PROJECTS\FUNNYMAPLE\WIN32\RELEASE\FUNNYMAPLEBYPASSLESS.DLL
C:\USERS\USER\DOCUMENTS\VISUAL STUDIO 2012\PROJECTS\FUNNYMAPLE\FUNNYMAPLEBYPASSLESS\RELEASE\FUNNYMAPLEBYPASSLESS.DLL.INTERMEDIATE.MANIFEST
C:\Users\User\Documents\Visual Studio 2012\Projects\FunnyMaple\FunnyMapleBypassless\Release\Bot.obj
C:\Users\User\Documents\Visual Studio 2012\Projects\FunnyMaple\FunnyMapleBypassless\Release\Data.obj
C:\Users\User\Documents\Visual Studio 2012\Projects\FunnyMaple\FunnyMapleBypassless\Release\Functor.obj
C:\Users\User\Documents\Visual Studio 2012\Projects\FunnyMaple\FunnyMapleBypassless\Release\Hack.obj
C:\Users\User\Documents\Visual Studio 2012\Projects\FunnyMaple\FunnyMapleBypassless\Release\Item.obj
C:\Users\User\Documents\Visual Studio 2012\Projects\FunnyMaple\FunnyMapleBypassless\Release\main.obj
C:\Users\User\Documents\Visual Studio 2012\Projects\FunnyMaple\FunnyMapleBypassless\Release\MainForm.obj
C:\Users\User\Documents\Visual Studio 2012\Projects\FunnyMaple\FunnyMapleBypassless\Release\MapleStory.obj
C:\Users\User\Documents\Visual Studio 2012\Projects\FunnyMaple\FunnyMapleBypassless\Release\moc_MainForm.obj
C:\Users\User\Documents\Visual Studio 2012\Projects\FunnyMaple\FunnyMapleBypassless\Release\Packet.obj
C:\Users\User\Documents\Visual Studio 2012\Projects\FunnyMaple\FunnyMapleBypassless\Release\qrc_FunnyMapleBypassless.obj
C:\Users\User\Documents\Visual Studio 2012\Projects\FunnyMaple\FunnyMapleBypassless\Release\Win32Api.obj
C:\Users\User\Documents\Visual Studio 2012\Projects\FunnyMaple\FunnyMapleBypassless\Release\cl.command.1.tlog
C:\Users\User\Documents\Visual Studio 2012\Projects\FunnyMaple\FunnyMapleBypassless\Release\CL.read.1.tlog
C:\Users\User\Documents\Visual Studio 2012\Projects\FunnyMaple\FunnyMapleBypassless\Release\CL.write.1.tlog
C:\Users\User\Documents\Visual Studio 2012\Projects\FunnyMaple\FunnyMapleBypassless\Release\custombuild.command.1.tlog
C:\Users\User\Documents\Visual Studio 2012\Projects\FunnyMaple\FunnyMapleBypassless\Release\custombuild.read.1.tlog
C:\Users\User\Documents\Visual Studio 2012\Projects\FunnyMaple\FunnyMapleBypassless\Release\custombuild.write.1.tlog
C:\Users\User\Documents\Visual Studio 2012\Projects\FunnyMaple\FunnyMapleBypassless\Release\link.command.1.tlog
C:\Users\User\Documents\Visual Studio 2012\Projects\FunnyMaple\FunnyMapleBypassless\Release\link.read.1.tlog
C:\Users\User\Documents\Visual Studio 2012\Projects\FunnyMaple\FunnyMapleBypassless\Release\link.write.1.tlog
C:\Users\User\Documents\Visual Studio 2012\Projects\FunnyMaple\FunnyMapleBypassless\Release\mt.command.1.tlog
C:\Users\User\Documents\Visual Studio 2012\Projects\FunnyMaple\FunnyMapleBypassless\Release\mt.read.1.tlog
C:\Users\User\Documents\Visual Studio 2012\Projects\FunnyMaple\FunnyMapleBypassless\Release\mt.write.1.tlog
C:\Users\User\Documents\Visual Studio 2012\Projects\FunnyMaple\FunnyMapleBypassless\Release\FunnyMapleBypassless.dll.intermediate.manifest
C:\Users\User\Documents\Visual Studio 2012\Projects\FunnyMaple\Win32\Release\FunnyMapleBypassless.dll
