Build started 4/10/2014 4:36:10 AM.
     1>Project "C:\Users\User\Documents\Visual Studio 2012\Projects\FunnyMaple\FunnyMapleBypassless\FunnyMapleBypassless.vcxproj" on node 2 (Rebuild target(s)).
     1>CustomBuild:
         Moc'ing MainForm.h...
         Uic'ing MainForm.ui...
         Rcc'ing FunnyMapleBypassless.qrc...
     1>RCC : warning : No resources in 'C:\Users\User\Documents\Visual Studio 2012\Projects\FunnyMaple\FunnyMapleBypassless\FunnyMapleBypassless.qrc'.
         
       ClCompile:
         c:\Program Files (x86)\Microsoft Visual Studio 10.0\VC\bin\CL.exe /c /I.\GeneratedFiles /I. /IC:\Qt\4.8.5\include /I.\GeneratedFiles\Release /IC:\Qt\4.8.5\include\QtCore /IC:\Qt\4.8.5\include\QtGui /IC:\boost\boost_1_53_0 /nologo /W1 /WX- /O2 /Oy- /D UNICODE /D WIN32 /D QT_NO_DEBUG /D NDEBUG /D QT_CORE_LIB /D QT_GUI_LIB /D _WINDLL /D _UNICODE /D UNICODE /Gm- /EHsc /MD /GS /fp:precise /Zc:wchar_t- /Zc:forScope /Fo"Release\\" /Fd"Release\vc100.pdb" /Gd /TP /analyze- /errorReport:prompt Functor.cpp GeneratedFiles\Release\moc_MainForm.cpp main.cpp MainForm.cpp MapleStory\Bot.cpp MapleStory\Data.cpp MapleStory\Hack.cpp MapleStory\Item.cpp MapleStory\MapleStory.cpp MapleStory\Packet.cpp MapleStory\Win32Api.cpp
         Functor.cpp
         moc_MainForm.cpp
         main.cpp
         MainForm.cpp
         Bot.cpp
         Data.cpp
         Hack.cpp
         Item.cpp
         MapleStory.cpp
         Packet.cpp
         Win32Api.cpp
         Generating Code...
         c:\Program Files (x86)\Microsoft Visual Studio 10.0\VC\bin\CL.exe /c /I.\GeneratedFiles /I. /IC:\Qt\4.8.5\include /I.\GeneratedFiles\Release /IC:\Qt\4.8.5\include\QtCore /IC:\Qt\4.8.5\include\QtGui /IC:\boost\boost_1_53_0 /nologo /W1 /WX- /O2 /Oy- /D UNICODE /D WIN32 /D QT_NO_DEBUG /D NDEBUG /D QT_CORE_LIB /D QT_GUI_LIB /D _WINDLL /D _UNICODE /D UNICODE /Gm- /EHsc /MD /GS /fp:precise /Zc:wchar_t- /Zc:forScope /Fo"Release\\" /Fd"Release\vc100.pdb" /Gd /TP /analyze- /errorReport:prompt GeneratedFiles\qrc_FunnyMapleBypassless.cpp
         qrc_FunnyMapleBypassless.cpp
       Link:
         c:\Program Files (x86)\Microsoft Visual Studio 10.0\VC\bin\link.exe /ERRORREPORT:PROMPT /OUT:"C:\Users\User\Documents\Visual Studio 2012\Projects\FunnyMaple\Win32\Release\\FunnyMapleBypassless.dll" /NOLOGO /LIBPATH:C:\Qt\4.8.5\lib /LIBPATH:C:\boost\boost_1_53_0\stage\lib kernel32.lib user32.lib shell32.lib uuid.lib ole32.lib advapi32.lib ws2_32.lib gdi32.lib comdlg32.lib oleaut32.lib imm32.lib winmm.lib winspool.lib ws2_32.lib ole32.lib user32.lib advapi32.lib qtmain.lib QtCore.lib QtGui.lib kernel32.lib user32.lib gdi32.lib winspool.lib comdlg32.lib advapi32.lib shell32.lib ole32.lib oleaut32.lib uuid.lib odbc32.lib odbccp32.lib /MANIFEST /ManifestFile:"Release\FunnyMapleBypassless.dll.intermediate.manifest" /MANIFESTUAC:"level='asInvoker' uiAccess='false'" /PDB:"C:\Users\User\Documents\Visual Studio 2012\Projects\FunnyMaple\Win32\Release\FunnyMapleBypassless.pdb" /SUBSYSTEM:WINDOWS /TLBID:1 /DYNAMICBASE /NXCOMPAT /IMPLIB:"C:\Users\User\Documents\Visual Studio 2012\Projects\FunnyMaple\Win32\Release\FunnyMapleBypassless.lib" /MACHINE:X86 /DLL Release\Functor.obj
         Release\qrc_FunnyMapleBypassless.obj
         Release\moc_MainForm.obj
         Release\main.obj
         Release\MainForm.obj
         Release\Bot.obj
         Release\Data.obj
         Release\Hack.obj
         Release\Item.obj
         Release\MapleStory.obj
         Release\Packet.obj
         Release\Win32Api.obj
         FunnyMapleBypassless.vcxproj -> C:\Users\User\Documents\Visual Studio 2012\Projects\FunnyMaple\Win32\Release\FunnyMapleBypassless.dll
       Manifest:
         C:\Program Files (x86)\Microsoft SDKs\Windows\v7.0A\bin\mt.exe /nologo /verbose /outputresource:"C:\Users\User\Documents\Visual Studio 2012\Projects\FunnyMaple\Win32\Release\\FunnyMapleBypassless.dll;#2" /manifest Release\FunnyMapleBypassless.dll.intermediate.manifest
     1>Done Building Project "C:\Users\User\Documents\Visual Studio 2012\Projects\FunnyMaple\FunnyMapleBypassless\FunnyMapleBypassless.vcxproj" (Rebuild target(s)).

Build succeeded.

Time Elapsed 00:00:39.43
